{
  "RSpec": {
    "coverage": {
      "/home/xavier/Documents/Tsing Hua/service_security/music-share-api/specs/test_load_all.rb": [
        null,
        null,
        null,
        1,
        1,
        null,
        1,
        1,
        null,
        1,
        220,
        null
      ],
      "/home/xavier/Documents/Tsing Hua/service_security/music-share-api/require_app.rb": [
        null,
        null,
        null,
        null,
        null,
        null,
        null,
        null,
        null,
        1,
        8,
        2,
        2,
        47,
        null,
        null
      ],
      "/home/xavier/Documents/Tsing Hua/service_security/music-share-api/config/environments.rb": [
        null,
        null,
        1,
        1,
        1,
        null,
        1,
        null,
        1,
        1,
        null,
        1,
        1,
        1,
        null,
        1,
        1,
        null,
        null,
        1,
        0,
        null,
        null,
        null,
        1,
        1,
        null,
        null,
        1,
        null,
        null,
        null,
        1,
        1,
        1,
        null,
        1,
        182,
        null,
        null,
        null,
        1,
        1,
        null,
        null
      ],
      "/home/xavier/Documents/Tsing Hua/service_security/music-share-api/app/lib/auth_scope.rb": [
        null,
        null,
        null,
        1,
        1,
        1,
        1,
        1,
        1,
        null,
        1,
        1,
        null,
        1,
        51,
        51,
        103,
        null,
        null,
        1,
        14,
        null,
        null,
        1,
        21,
        null,
        null,
        1,
        26,
        null,
        null,
        1,
        null,
        1,
        19,
        null,
        null,
        1,
        47,
        null,
        null,
        1,
        58,
        null,
        null,
        1,
        52,
        52,
        52,
        null,
        null
      ],
      "/home/xavier/Documents/Tsing Hua/service_security/music-share-api/app/lib/secure_db.rb": [
        null,
        null,
        1,
        null,
        null,
        1,
        1,
        null,
        null,
        1,
        112,
        null,
        112,
        112,
        null,
        null,
        null,
        1,
        20,
        null,
        20,
        20,
        null,
        null
      ],
      "/home/xavier/Documents/Tsing Hua/service_security/music-share-api/app/lib/securable.rb": [
        null,
        null,
        1,
        1,
        null,
        null,
        1,
        null,
        1,
        0,
        0,
        null,
        null,
        null,
        1,
        2,
        null,
        null,
        1,
        179,
        null,
        null,
        null,
        1,
        138,
        138,
        null,
        null,
        null,
        1,
        41,
        41,
        null,
        null
      ],
      "/home/xavier/Documents/Tsing Hua/service_security/music-share-api/app/lib/auth_token.rb": [
        null,
        null,
        1,
        1,
        null,
        null,
        null,
        null,
        null,
        1,
        1,
        null,
        1,
        1,
        1,
        1,
        1,
        null,
        1,
        1,
        null,
        null,
        1,
        26,
        null,
        null,
        null,
        null,
        null,
        null,
        null,
        1,
        22,
        21,
        null,
        null,
        null,
        1,
        26,
        null,
        26,
        26,
        26,
        null,
        null,
        null,
        1,
        22,
        null,
        22,
        21,
        21,
        null,
        1,
        null,
        null,
        1,
        26,
        null,
        null,
        1,
        21,
        null,
        0,
        null,
        null
      ],
      "/home/xavier/Documents/Tsing Hua/service_security/music-share-api/app/lib/key_stretch.rb": [
        null,
        null,
        1,
        1,
        null,
        null,
        1,
        1,
        60,
        null,
        null,
        null,
        null,
        1,
        89,
        89,
        89,
        89,
        null,
        null,
        null,
        null,
        null,
        null,
        null,
        null
      ],
      "/home/xavier/Documents/Tsing Hua/service_security/music-share-api/app/lib/json_request_body.rb": [
        null,
        null,
        null,
        1,
        1,
        0,
        0,
        null,
        null
      ],
      "/home/xavier/Documents/Tsing Hua/service_security/music-share-api/app/lib/signed_request.rb": [
        null,
        null,
        1,
        1,
        null,
        null,
        1,
        1,
        null,
        1,
        13,
        13,
        null,
        null,
        1,
        0,
        0,
        null,
        0,
        null,
        null,
        null,
        1,
        7,
        7,
        null,
        null,
        null,
        1,
        6,
        null,
        6,
        null,
        6,
        null,
        null,
        1,
        null,
        1,
        7,
        6,
        6,
        null,
        1,
        null,
        null
      ],
      "/home/xavier/Documents/Tsing Hua/service_security/music-share-api/app/models/account.rb": [
        null,
        null,
        1,
        1,
        1,
        null,
        1,
        null,
        1,
        1,
        null,
        1,
        null,
        1,
        null,
        null,
        null,
        null,
        1,
        null,
        null,
        null,
        1,
        1,
        null,
        null,
        1,
        null,
        1,
        1,
        null,
        null,
        null,
        null,
        1,
        0,
        null,
        null,
        0,
        null,
        0,
        0,
        null,
        null,
        1,
        57,
        null,
        null,
        1,
        27,
        27,
        null,
        null,
        1,
        32,
        null,
        null,
        null,
        null,
        null,
        null,
        null,
        null,
        null,
        null,
        null,
        null,
        1,
        null,
        0,
        null,
        null,
        null,
        null,
        null
      ],
      "/home/xavier/Documents/Tsing Hua/service_security/music-share-api/app/models/password.rb": [
        null,
        null,
        1,
        1,
        null,
        1,
        null,
        1,
        1,
        null,
        1,
        89,
        89,
        null,
        null,
        1,
        29,
        29,
        null,
        null,
        1,
        60,
        null,
        null,
        null,
        null,
        1,
        null,
        1,
        60,
        60,
        60,
        null,
        null,
        1,
        29,
        29,
        29,
        29,
        null,
        null,
        null
      ],
      "/home/xavier/Documents/Tsing Hua/service_security/music-share-api/app/models/playlist.rb": [
        null,
        null,
        1,
        1,
        null,
        1,
        null,
        1,
        1,
        1,
        1,
        null,
        null,
        null,
        null,
        1,
        1,
        1,
        1,
        null,
        null,
        1,
        9,
        null,
        null,
        1,
        38,
        null,
        null,
        1,
        null,
        6,
        null,
        null,
        null,
        null,
        null,
        null,
        null,
        null,
        null,
        null,
        1,
        1,
        null,
        null,
        null,
        null,
        null,
        null,
        null,
        null,
        1,
        5,
        null,
        null,
        null
      ],
      "/home/xavier/Documents/Tsing Hua/service_security/music-share-api/app/models/account_sp_token.rb": [
        null,
        null,
        1,
        1,
        null,
        1,
        null,
        1,
        1,
        null,
        1,
        1,
        null,
        null,
        1,
        0,
        null,
        null,
        1,
        0,
        null,
        null,
        1,
        0,
        null,
        null,
        1,
        0,
        null,
        null,
        1,
        0,
        null,
        null,
        null,
        null,
        null,
        null,
        null,
        null
      ],
      "/home/xavier/Documents/Tsing Hua/service_security/music-share-api/app/models/song.rb": [
        null,
        null,
        1,
        1,
        null,
        1,
        null,
        1,
        1,
        null,
        1,
        1,
        null,
        1,
        1,
        null,
        null,
        1,
        11,
        null,
        null,
        1,
        74,
        null,
        null,
        1,
        null,
        8,
        null,
        null,
        null,
        null,
        null,
        null,
        null,
        null,
        null,
        null,
        null,
        null,
        1,
        1,
        null,
        null,
        1,
        7,
        null,
        null,
        null
      ],
      "/home/xavier/Documents/Tsing Hua/service_security/music-share-api/app/services/authorize_account.rb": [
        null,
        null,
        1,
        null,
        1,
        null,
        1,
        1,
        0,
        null,
        null,
        null,
        1,
        1,
        1,
        1,
        null,
        1,
        null,
        null,
        1,
        null,
        1,
        null,
        null,
        null,
        null,
        null,
        null,
        null,
        null
      ],
      "/home/xavier/Documents/Tsing Hua/service_security/music-share-api/app/services/create_playlist_for_creator.rb": [
        null,
        null,
        1,
        null,
        1,
        null,
        1,
        1,
        0,
        null,
        null,
        null,
        1,
        3,
        null,
        3,
        null,
        null,
        null
      ],
      "/home/xavier/Documents/Tsing Hua/service_security/music-share-api/app/services/get_song_query.rb": [
        null,
        null,
        1,
        null,
        1,
        null,
        1,
        1,
        2,
        null,
        null,
        null,
        1,
        3,
        null,
        1,
        null,
        1,
        1,
        null,
        1,
        null,
        2,
        null,
        null,
        null
      ],
      "/home/xavier/Documents/Tsing Hua/service_security/music-share-api/app/services/add_shared_account.rb": [
        null,
        null,
        1,
        null,
        1,
        null,
        1,
        1,
        0,
        null,
        null,
        null,
        1,
        0,
        0,
        null,
        null,
        0,
        null,
        0,
        0,
        null,
        null,
        null
      ],
      "/home/xavier/Documents/Tsing Hua/service_security/music-share-api/app/services/add_song_to_playlist.rb": [
        null,
        null,
        1,
        null,
        1,
        null,
        1,
        1,
        0,
        null,
        null,
        null,
        null,
        1,
        1,
        0,
        null,
        null,
        null,
        1,
        1,
        1,
        1,
        1,
        null,
        1,
        1,
        null,
        1,
        null,
        null,
        1,
        1,
        null,
        null,
        null,
        null,
        1,
        1,
        null,
        null,
        null,
        1,
        1,
        null,
        null,
        null,
        null
      ],
      "/home/xavier/Documents/Tsing Hua/service_security/music-share-api/app/services/delete_playlist_for_creator.rb": [
        null,
        null,
        1,
        null,
        1,
        null,
        1,
        1,
        0,
        null,
        null,
        null,
        null,
        1,
        1,
        1,
        null,
        null,
        null,
        1,
        2,
        2,
        null,
        null,
        2,
        null,
        1,
        1,
        null,
        1,
        null,
        null,
        null
      ],
      "/home/xavier/Documents/Tsing Hua/service_security/music-share-api/app/services/authorize_spotify_sso.rb": [
        null,
        null,
        1,
        null,
        1,
        null,
        1,
        1,
        0,
        null,
        null,
        1,
        0,
        0,
        null,
        0,
        null,
        null,
        1,
        0,
        null,
        null,
        null,
        0,
        null,
        0,
        0,
        null,
        null,
        null,
        null,
        1,
        0,
        0,
        null,
        0,
        0,
        0,
        null,
        0,
        null,
        0,
        null,
        null,
        1,
        0,
        0,
        0,
        0,
        null,
        0,
        0,
        null,
        null,
        null,
        null,
        1,
        null,
        0,
        null,
        null,
        null,
        null,
        null,
        null,
        null,
        null,
        1,
        1,
        0,
        null,
        null,
        1,
        0,
        null,
        null,
        1,
        0,
        null,
        null,
        1,
        0,
        null,
        null,
        null,
        null
      ],
      "/home/xavier/Documents/Tsing Hua/service_security/music-share-api/app/services/authenticate_account.rb": [
        null,
        null,
        1,
        null,
        1,
        null,
        1,
        1,
        5,
        null,
        null,
        1,
        1,
        null,
        null,
        null,
        1,
        26,
        null,
        26,
        2,
        null,
        null,
        23,
        null,
        3,
        null,
        null,
        1,
        null,
        23,
        null,
        null,
        null,
        null,
        null,
        null,
        null,
        null
      ],
      "/home/xavier/Documents/Tsing Hua/service_security/music-share-api/app/services/get_playlist_query.rb": [
        null,
        null,
        1,
        null,
        1,
        null,
        1,
        1,
        0,
        null,
        null,
        null,
        null,
        1,
        1,
        2,
        null,
        null,
        null,
        1,
        3,
        1,
        null,
        null,
        1,
        null,
        1,
        1,
        null,
        1,
        null,
        2,
        null,
        null,
        null
      ],
      "/home/xavier/Documents/Tsing Hua/service_security/music-share-api/app/services/get_account_query.rb": [
        null,
        null,
        1,
        null,
        1,
        null,
        1,
        1,
        0,
        null,
        null,
        null,
        1,
        0,
        null,
        0,
        0,
        null,
        null,
        null
      ],
      "/home/xavier/Documents/Tsing Hua/service_security/music-share-api/app/services/authorize_github_sso.rb": [
        null,
        null,
        1,
        null,
        1,
        null,
        1,
        1,
        2,
        null,
        null,
        1,
        2,
        2,
        null,
        2,
        null,
        null,
        1,
        2,
        null,
        null,
        null,
        null,
        2,
        null,
        2,
        2,
        null,
        null,
        1,
        2,
        null,
        null,
        null,
        1,
        null,
        2,
        null,
        null,
        null,
        null,
        null,
        null,
        null,
        null,
        1,
        1,
        2,
        null,
        null,
        1,
        2,
        null,
        null,
        1,
        2,
        null,
        null,
        null,
        null
      ],
      "/home/xavier/Documents/Tsing Hua/service_security/music-share-api/app/services/update_playlist_for_creator.rb": [
        null,
        null,
        1,
        null,
        1,
        null,
        1,
        1,
        0,
        null,
        null,
        null,
        null,
        1,
        1,
        1,
        null,
        null,
        null,
        1,
        2,
        2,
        null,
        null,
        2,
        null,
        1,
        1,
        null,
        1,
        null,
        null,
        1,
        1,
        null,
        null,
        null,
        null,
        null,
        null
      ],
      "/home/xavier/Documents/Tsing Hua/service_security/music-share-api/app/services/verify_registration.rb": [
        null,
        null,
        1,
        null,
        1,
        null,
        1,
        null,
        1,
        null,
        1,
        null,
        1,
        0,
        0,
        null,
        null,
        1,
        0,
        0,
        null,
        0,
        null,
        null,
        1,
        0,
        null,
        null,
        1,
        0,
        null,
        null,
        1,
        0,
        null,
        0,
        null,
        null,
        null,
        null,
        null,
        null,
        null,
        1,
        0,
        null,
        null,
        null,
        null,
        null,
        null,
        null,
        null,
        null,
        null,
        null,
        null,
        null,
        null,
        null,
        null,
        0,
        0,
        null,
        null,
        null,
        null,
        null
      ],
      "/home/xavier/Documents/Tsing Hua/service_security/music-share-api/app/controllers/song_playlist.rb": [
        null,
        null,
        1,
        1,
        null,
        1,
        null,
        1,
        1,
        2,
        0,
        null,
        null,
        2,
        2,
        2,
        2,
        2,
        2,
        2,
        1,
        null,
        null,
        1,
        1,
        1,
        null,
        0,
        null,
        0,
        null,
        1,
        null,
        0,
        0,
        null,
        null,
        null,
        null
      ],
      "/home/xavier/Documents/Tsing Hua/service_security/music-share-api/app/controllers/app.rb": [
        null,
        null,
        1,
        1,
        null,
        1,
        null,
        1,
        null,
        1,
        1,
        1,
        1,
        1,
        1,
        null,
        1,
        null,
        1,
        30,
        30,
        null,
        null,
        null,
        30,
        29,
        null,
        1,
        null,
        0,
        null,
        null,
        29,
        1,
        null,
        null,
        28,
        28,
        28,
        28,
        null,
        null,
        null,
        null,
        null
      ],
      "/home/xavier/Documents/Tsing Hua/service_security/music-share-api/app/controllers/helpers.rb": [
        null,
        null,
        1,
        null,
        1,
        1,
        1,
        null,
        1,
        30,
        null,
        null,
        1,
        30,
        null,
        22,
        22,
        null,
        22,
        21,
        null,
        21,
        null,
        null,
        null,
        null
      ],
      "/home/xavier/Documents/Tsing Hua/service_security/music-share-api/app/controllers/playlists.rb": [
        null,
        null,
        1,
        1,
        null,
        1,
        null,
        1,
        1,
        11,
        null,
        11,
        null,
        0,
        0,
        0,
        0,
        null,
        null,
        null,
        null,
        null,
        0,
        null,
        0,
        null,
        0,
        0,
        null,
        null,
        null,
        0,
        0,
        0,
        null,
        0,
        null,
        null,
        null,
        11,
        3,
        null,
        null,
        null,
        1,
        null,
        0,
        null,
        2,
        null,
        0,
        0,
        null,
        null,
        8,
        1,
        1,
        null,
        0,
        null,
        null,
        7,
        3,
        3,
        null,
        null,
        1,
        null,
        1,
        1,
        null,
        0,
        null,
        2,
        null,
        null,
        4,
        2,
        2,
        2,
        null,
        null,
        1,
        null,
        1,
        1,
        null,
        0,
        null,
        1,
        null,
        0,
        0,
        null,
        null,
        2,
        2,
        2,
        2,
        null,
        null,
        1,
        null,
        1,
        1,
        null,
        0,
        null,
        1,
        null,
        0,
        0,
        null,
        null,
        null,
        null
      ],
      "/home/xavier/Documents/Tsing Hua/service_security/music-share-api/app/controllers/songs.rb": [
        null,
        null,
        1,
        1,
        null,
        1,
        null,
        1,
        1,
        7,
        null,
        7,
        3,
        null,
        null,
        null,
        1,
        null,
        2,
        null,
        0,
        0,
        null,
        null,
        4,
        1,
        1,
        null,
        0,
        0,
        null,
        null,
        3,
        3,
        3,
        2,
        null,
        1,
        1,
        null,
        1,
        null,
        1,
        null,
        0,
        0,
        null,
        null,
        null,
        null
      ],
      "/home/xavier/Documents/Tsing Hua/service_security/music-share-api/app/controllers/public.rb": [
        null,
        null,
        1,
        1,
        null,
        1,
        null,
        1,
        1,
        0,
        0,
        0,
        0,
        null,
        0,
        null,
        null,
        null,
        null
      ],
      "/home/xavier/Documents/Tsing Hua/service_security/music-share-api/app/controllers/accounts.rb": [
        null,
        null,
        1,
        1,
        null,
        1,
        null,
        1,
        1,
        4,
        4,
        1,
        null,
        1,
        1,
        null,
        null,
        null,
        1,
        null,
        0,
        null,
        0,
        0,
        null,
        null,
        null,
        null,
        3,
        3,
        2,
        null,
        1,
        1,
        1,
        null,
        1,
        null,
        1,
        null,
        0,
        0,
        null,
        null,
        null,
        null
      ],
      "/home/xavier/Documents/Tsing Hua/service_security/music-share-api/app/controllers/authentication.rb": [
        null,
        null,
        1,
        1,
        null,
        1,
        null,
        1,
        1,
        null,
        null,
        4,
        null,
        0,
        null,
        null,
        4,
        null,
        0,
        0,
        null,
        0,
        0,
        null,
        0,
        0,
        null,
        0,
        0,
        0,
        null,
        null,
        null,
        4,
        null,
        2,
        2,
        1,
        null,
        1,
        1,
        null,
        null,
        null,
        null,
        2,
        2,
        2,
        null,
        null,
        2,
        null,
        0,
        0,
        0,
        null,
        null,
        0,
        0,
        0,
        null,
        null,
        null,
        null,
        null,
        0,
        null,
        0,
        0,
        0,
        null,
        null,
        null,
        null,
        null
      ],
      "/home/xavier/Documents/Tsing Hua/service_security/music-share-api/app/policies/song_policy.rb": [
        null,
        null,
        null,
        1,
        1,
        1,
        1,
        1,
        null,
        null,
        1,
        2,
        null,
        null,
        1,
        1,
        null,
        null,
        1,
        1,
        null,
        null,
        1,
        null,
        1,
        null,
        null,
        null,
        null,
        null,
        1,
        null,
        1,
        2,
        null,
        null,
        1,
        2,
        null,
        null
      ],
      "/home/xavier/Documents/Tsing Hua/service_security/music-share-api/app/policies/playlist_policy.rb": [
        null,
        null,
        1,
        null,
        1,
        1,
        4,
        4,
        4,
        null,
        null,
        1,
        2,
        null,
        null,
        null,
        1,
        2,
        null,
        null,
        1,
        2,
        null,
        null,
        1,
        2,
        null,
        null,
        1,
        1,
        null,
        null,
        1,
        1,
        null,
        null,
        null,
        1,
        1,
        null,
        null,
        1,
        1,
        null,
        null,
        1,
        null,
        1,
        null,
        null,
        null,
        null,
        null,
        null,
        null,
        null,
        null,
        null,
        1,
        null,
        1,
        3,
        null,
        null,
        1,
        12,
        null,
        null,
        1,
        0,
        null,
        null,
        1,
        3,
        null,
        null,
        1,
        7,
        null,
        null,
        null
      ],
      "/home/xavier/Documents/Tsing Hua/service_security/music-share-api/app/policies/shared_account_request_policy.rb": [
        null,
        null,
        1,
        null,
        1,
        1,
        null,
        0,
        0,
        0,
        0,
        0,
        0,
        null,
        null,
        1,
        0,
        0,
        null,
        null,
        1,
        null,
        1,
        0,
        null,
        null,
        null
      ],
      "/home/xavier/Documents/Tsing Hua/service_security/music-share-api/app/policies/playlist_scopes.rb": [
        null,
        null,
        1,
        null,
        1,
        null,
        1,
        1,
        1,
        1,
        1,
        1,
        1,
        null,
        null,
        1,
        0,
        null,
        null,
        1,
        null,
        1,
        1,
        null,
        null,
        1,
        0,
        null,
        null,
        1,
        null,
        1,
        1,
        null,
        null,
        1,
        2,
        null,
        null,
        1,
        1,
        null,
        null,
        1,
        2,
        null,
        null,
        null,
        null
      ],
      "/home/xavier/Documents/Tsing Hua/service_security/music-share-api/app/policies/account_policy.rb": [
        null,
        null,
        null,
        1,
        1,
        1,
        1,
        null,
        null,
        1,
        1,
        null,
        null,
        1,
        0,
        null,
        null,
        1,
        0,
        null,
        null,
        1,
        null,
        0,
        null,
        null,
        null,
        null,
        null,
        1,
        null,
        1,
        1,
        null,
        null
      ],
      "/home/xavier/Documents/Tsing Hua/service_security/music-share-api/specs/integration/api_authentication_spec.rb": [
        null,
        null,
        1,
        1,
        null,
        1,
        1,
        null,
        1,
        4,
        4,
        null,
        null,
        1,
        1,
        2,
        2,
        null,
        null,
        1,
        1,
        null,
        1,
        null,
        null,
        1,
        1,
        1,
        1,
        1,
        1,
        null,
        null,
        1,
        1,
        null,
        1,
        1,
        null,
        null,
        null,
        null,
        1,
        null,
        1,
        1,
        1,
        null,
        null,
        null,
        1,
        1,
        2,
        2,
        null,
        null,
        null,
        null,
        null,
        1,
        2,
        null,
        null,
        1,
        1,
        null,
        1,
        null,
        null,
        null,
        1,
        1,
        null,
        1,
        1,
        1,
        1,
        null,
        null,
        1,
        1,
        null,
        null,
        null,
        null,
        1,
        1,
        null,
        null,
        null,
        1,
        1,
        null,
        1,
        1,
        1,
        1,
        null,
        null,
        null
      ],
      "/home/xavier/Documents/Tsing Hua/service_security/music-share-api/specs/integration/api_playlists_spec.rb": [
        null,
        null,
        1,
        null,
        1,
        1,
        null,
        1,
        14,
        null,
        14,
        42,
        null,
        null,
        14,
        28,
        null,
        null,
        14,
        14,
        28,
        null,
        null,
        14,
        14,
        42,
        null,
        14,
        null,
        14,
        null,
        null,
        1,
        1,
        1,
        null,
        1,
        1,
        1,
        null,
        1,
        1,
        null,
        null,
        1,
        1,
        1,
        1,
        null,
        1,
        1,
        null,
        null,
        null,
        1,
        1,
        1,
        null,
        null,
        1,
        1,
        null,
        1,
        1,
        null,
        1,
        1,
        1,
        null,
        null,
        1,
        1,
        null,
        1,
        1,
        null,
        1,
        null,
        null,
        1,
        1,
        1,
        null,
        null,
        1,
        null,
        1,
        1,
        null,
        1,
        null,
        1,
        null,
        1,
        null,
        null,
        1,
        1,
        1,
        null,
        null,
        1,
        1,
        1,
        1,
        null,
        1,
        null,
        1,
        null,
        1,
        null,
        null,
        1,
        1,
        null,
        1,
        1,
        1,
        null,
        null,
        1,
        1,
        1,
        null,
        null,
        1,
        1,
        1,
        1,
        null,
        1,
        null,
        1,
        null,
        null,
        1,
        1,
        null,
        1,
        1,
        1,
        null,
        null,
        1,
        null,
        1,
        null,
        1,
        null,
        1,
        1,
        null,
        1,
        null,
        null,
        1,
        null,
        1,
        1,
        null,
        null,
        1,
        1,
        1,
        null,
        null,
        null,
        null,
        null,
        null,
        null,
        1,
        1,
        1,
        null,
        1,
        1,
        null,
        null,
        1,
        null,
        1,
        1,
        null,
        1,
        1,
        null,
        null,
        null,
        1,
        null,
        null,
        1,
        1,
        1,
        1,
        1,
        null,
        1,
        1,
        null,
        null,
        1,
        1,
        null,
        null,
        1,
        1,
        1,
        1,
        1,
        1,
        1,
        1,
        null,
        1,
        1,
        null,
        null,
        1,
        1,
        null,
        null
      ],
      "/home/xavier/Documents/Tsing Hua/service_security/music-share-api/specs/integration/api_songs_spec.rb": [
        null,
        null,
        1,
        null,
        1,
        1,
        null,
        1,
        7,
        null,
        7,
        21,
        null,
        null,
        7,
        14,
        null,
        null,
        7,
        7,
        null,
        null,
        1,
        1,
        null,
        1,
        1,
        1,
        null,
        1,
        1,
        null,
        null,
        1,
        1,
        1,
        null,
        1,
        1,
        1,
        null,
        1,
        1,
        1,
        null,
        null,
        1,
        1,
        null,
        1,
        1,
        null,
        1,
        null,
        null,
        1,
        1,
        1,
        1,
        1,
        1,
        null,
        1,
        1,
        null,
        1,
        null,
        1,
        null,
        1,
        null,
        null,
        1,
        null,
        1,
        1,
        null,
        1,
        1,
        null,
        1,
        null,
        null,
        1,
        1,
        1,
        1,
        1,
        null,
        1,
        1,
        null,
        null,
        1,
        1,
        null,
        null,
        1,
        1,
        null,
        null,
        null,
        1,
        null,
        1,
        1,
        null,
        null,
        1,
        1,
        null,
        null
      ],
      "/home/xavier/Documents/Tsing Hua/service_security/music-share-api/specs/integration/api_spec.rb": [
        null,
        null,
        1,
        null,
        1,
        1,
        1,
        1,
        1,
        null,
        null,
        null
      ],
      "/home/xavier/Documents/Tsing Hua/service_security/music-share-api/specs/integration/service_authenticate_account_spec.rb": [
        null,
        null,
        1,
        null,
        1,
        1,
        3,
        null,
        3,
        6,
        null,
        null,
        null,
        1,
        1,
        1,
        null,
        null,
        null,
        1,
        null,
        null,
        1,
        1,
        1,
        1,
        1,
        null,
        null,
        null,
        null,
        null,
        null,
        1,
        1,
        1,
        1,
        1,
        1,
        null,
        null,
        null,
        null,
        null,
        null
      ],
      "/home/xavier/Documents/Tsing Hua/service_security/music-share-api/specs/unit/lib_auth_scope_spec.rb": [
        null,
        null,
        1,
        null,
        1,
        1,
        null,
        1,
        1,
        1,
        1,
        1,
        1,
        null,
        null,
        1,
        1,
        1,
        1,
        1,
        1,
        null,
        null,
        1,
        1,
        1,
        1,
        1,
        1,
        null,
        null,
        1,
        1,
        1,
        1,
        1,
        1,
        1,
        1,
        null,
        null
      ],
      "/home/xavier/Documents/Tsing Hua/service_security/music-share-api/specs/unit/password_spec.rb": [
        null,
        null,
        1,
        null,
        1,
        1,
        1,
        1,
        null,
        1,
        null,
        null,
        1,
        1,
        1,
        null,
        1,
        1,
        null,
        null,
        1,
        1,
        1,
        1,
        null,
        1,
        1,
        null,
        null
      ],
      "/home/xavier/Documents/Tsing Hua/service_security/music-share-api/specs/unit/playlists_spec.rb": [
        null,
        null,
        1,
        null,
        1,
        1,
        null,
        1,
        2,
        null,
        2,
        4,
        null,
        null,
        2,
        2,
        4,
        null,
        null,
        null,
        1,
        1,
        1,
        1,
        1,
        null,
        1,
        1,
        1,
        1,
        null,
        null,
        1,
        1,
        1,
        null,
        1,
        1,
        null,
        null
      ],
      "/home/xavier/Documents/Tsing Hua/service_security/music-share-api/specs/unit/songs_spec.rb": [
        null,
        null,
        1,
        null,
        1,
        1,
        null,
        1,
        2,
        null,
        2,
        6,
        null,
        null,
        null,
        1,
        1,
        1,
        1,
        1,
        1,
        null,
        1,
        1,
        1,
        1,
        1,
        null,
        null,
        1,
        1,
        1,
        null,
        1,
        1,
        null,
        null
      ]
    },
    "timestamp": 1561355435
  }
}
